# do {AXIS_SUB_TB_compile.do}
# Model Technology ModelSim SE-64 vmap 10.6d Lib Mapping Utility 2018.02 Feb 24 2018
# vmap xil_defaultlib modelsim_lib/msim/xil_defaultlib 
# Modifying modelsim.ini
# ** Warning: (vlog-159) Mode option -64 is not supported in this context and will be ignored.
# Model Technology ModelSim SE-64 vlog 10.6d Compiler 2018.02 Feb 24 2018
# Start time: 21:33:13 on Jan 13,2025
# vlog -64 -incr -work xil_defaultlib ../../../../../rtl/axis_control.v ../../../../AXIS_SUB.srcs/sources_1/bd/AXIS_SUB/ip/AXIS_SUB_axis_control_0_0/sim/AXIS_SUB_axis_control_0_0.v 
# -- Compiling module axis_control
# -- Compiling module AXIS_SUB_axis_control_0_0
# 
# Top level modules:
# 	AXIS_SUB_axis_control_0_0
# End time: 21:33:13 on Jan 13,2025, Elapsed time: 0:00:00
# Errors: 0, Warnings: 1
# ** Warning: (vcom-159) Mode option -64 is not supported in this context and will be ignored.
# Model Technology ModelSim SE-64 vcom 10.6d Compiler 2018.02 Feb 24 2018
# Start time: 21:33:13 on Jan 13,2025
# vcom -64 -93 -work xil_defaultlib ../../../../AXIS_SUB.srcs/sources_1/bd/AXIS_SUB/ip/AXIS_SUB_c_addsub_0_0/sim/AXIS_SUB_c_addsub_0_0.vhd 
# -- Loading package STANDARD
# -- Loading package TEXTIO
# -- Loading package std_logic_1164
# -- Loading package NUMERIC_STD
# -- Compiling entity AXIS_SUB_c_addsub_0_0
# -- Compiling architecture AXIS_SUB_c_addsub_0_0_arch of AXIS_SUB_c_addsub_0_0
# End time: 21:33:13 on Jan 13,2025, Elapsed time: 0:00:00
# Errors: 0, Warnings: 1
# ** Warning: (vlog-159) Mode option -64 is not supported in this context and will be ignored.
# Model Technology ModelSim SE-64 vlog 10.6d Compiler 2018.02 Feb 24 2018
# Start time: 21:33:13 on Jan 13,2025
# vlog -64 -incr -work xil_defaultlib ../../../../AXIS_SUB.srcs/sources_1/bd/AXIS_SUB/sim/AXIS_SUB.v ../../../../AXIS_SUB.srcs/sources_1/bd/AXIS_SUB/hdl/AXIS_SUB_wrapper.v ../../../../../sim/AXIS_SUB_TB.v 
# -- Compiling module AXIS_SUB
# -- Compiling module AXIS_SUB_wrapper
# -- Compiling module AXIS_SUB_TB
# 
# Top level modules:
# 	AXIS_SUB_TB
# End time: 21:33:13 on Jan 13,2025, Elapsed time: 0:00:00
# Errors: 0, Warnings: 1
# Model Technology ModelSim SE-64 vlog 10.6d Compiler 2018.02 Feb 24 2018
# Start time: 21:33:13 on Jan 13,2025
# vlog -work xil_defaultlib glbl.v 
# -- Compiling module glbl
# 
# Top level modules:
# 	glbl
# End time: 21:33:14 on Jan 13,2025, Elapsed time: 0:00:01
# Errors: 0, Warnings: 0
