# //  ModelSim SE-64 10.6d Feb 24 2018
# //
# //  Copyright 1991-2018 Mentor Graphics Corporation
# //  All Rights Reserved.
# //
# //  ModelSim SE-64 and its associated documentation contain trade
# //  secrets and commercial or financial information that are the property of
# //  Mentor Graphics Corporation and are privileged, confidential,
# //  and exempt from disclosure under the Freedom of Information Act,
# //  5 U.S.C. Section 552. Furthermore, this information
# //  is prohibited from disclosure under the Trade Secrets Act,
# //  18 U.S.C. Section 1905.
# //
# do {AXIS_SUB_TB_simulate.do}
# vsim -voptargs=""+acc"" -L xil_defaultlib -L xbip_utils_v3_0_9 -L c_reg_fd_v12_0_5 -L xbip_dsp48_wrapper_v3_0_4 -L xbip_pipe_v3_0_5 -L xbip_dsp48_addsub_v3_0_5 -L xbip_addsub_v3_0_5 -L c_addsub_v12_0_12 -L unisims_ver -L unimacro_ver -L secureip -L xpm -lib xil_defaultlib xil_defaultlib.AXIS_SUB_TB xil_defaultlib.glbl 
# Start time: 21:33:25 on Jan 13,2025
# ** Note: (vsim-3812) Design is being optimized...
# ** Warning: D:\Xilinx\Vivado\2018.3\data\ip\xilinx\xbip_dsp48_wrapper_v3_0\hdl\xbip_dsp48_wrapper_v3_0_vh_rfs.vhd(64): (vopt-8617) Possible component instance "/AXIS_SUB_TB/U_AXIS_SUB_wrapper/AXIS_SUB_i/c_addsub_0/U0/xst_addsub/xbip_addsub/i_a_b_nogrowth/not_unsigned_max_width/i_xbip_addsub/addsub_usecase/i_addsub/i_synth_option/i_synth_model/opt_everest/i_uniwrap/i_primitive : DSP58" is not bound.
# Loading work.AXIS_SUB_TB(fast)
# Loading work.AXIS_SUB_wrapper(fast)
# Loading work.AXIS_SUB(fast)
# Loading work.AXIS_SUB_axis_control_0_0(fast)
# Loading work.axis_control(fast)
# Loading work.glbl(fast)
# Loading std.standard
# Loading std.textio(body)
# Loading ieee.std_logic_1164(body)
# Loading ieee.numeric_std(body)
# Loading work.axis_sub_c_addsub_0_0(axis_sub_c_addsub_0_0_arch)#1
# Loading ieee.std_logic_arith(body)
# Loading ieee.std_logic_signed(body)
# Loading ieee.vital_timing(body)
# Loading ieee.vital_primitives(body)
# Loading unisim.vpkg(body)
# Loading unisim.dsp48e1(dsp48e1_v)#1
# 1
# 1
# .main_pane.wave.interior.cs.body.pw.wf
# .main_pane.structure.interior.cs.body.struct
# .main_pane.objects.interior.cs.body.tree
run
# End time: 21:36:38 on Jan 13,2025, Elapsed time: 0:03:13
# Errors: 0, Warnings: 1
